<?xml version="1.0" encoding="UTF-8"?>
<!-- Generated by org.testng.reporters.JUnitXMLReporter -->
<testsuite hostname="II5WS0914-39" name="Test" tests="4" failures="2" timestamp="4 Nov 2016 07:23:42 GMT" time="16.702" errors="0">
  <testcase name="Test2" time="0.009" classname="MavenDemo.Testfacebook">
    <failure type="java.lang.NullPointerException">
      <![CDATA[java.lang.NullPointerException
	at MavenDemo.Testfacebook.Test2(Testfacebook.java:22)
... Removed 24 stack frames]]>
    </failure>
  </testcase> <!-- Test2 -->
  <testcase name="TestFireFox" time="8.781" classname="MavenDemo.Testfacebook"/>
  <testcase name="Test2" time="0.001" classname="MavenDemo.Testfacebook2">
    <failure type="java.lang.NullPointerException">
      <![CDATA[java.lang.NullPointerException
	at MavenDemo.Testfacebook2.Test2(Testfacebook2.java:22)
... Removed 24 stack frames]]>
    </failure>
  </testcase> <!-- Test2 -->
  <testcase name="TestFireFox" time="7.894" classname="MavenDemo.Testfacebook2"/>
</testsuite> <!-- Test -->
