<?xml version="1.0" encoding="UTF-8"?>
<testng-results skipped="0" failed="0" total="1" passed="1">
  <reporter-output>
  </reporter-output>
  <suite name="Default suite" duration-ms="8391" started-at="2016-11-07T04:55:49Z" finished-at="2016-11-07T04:55:57Z">
    <groups>
    </groups>
    <test name="Default test" duration-ms="8391" started-at="2016-11-07T04:55:49Z" finished-at="2016-11-07T04:55:57Z">
      <class name="MavenDemo.Testfacebook">
        <test-method status="PASS" signature="TestFireFox()[pri:0, instance:MavenDemo.Testfacebook@4501b7af]" name="TestFireFox" duration-ms="8379" started-at="2016-11-07T10:25:49Z" finished-at="2016-11-07T10:25:57Z">
          <reporter-output>
          </reporter-output>
        </test-method> <!-- TestFireFox -->
      </class> <!-- MavenDemo.Testfacebook -->
    </test> <!-- Default test -->
  </suite> <!-- Default suite -->
</testng-results>
